<?xml version="1.0" encoding="UTF-8"?>
<!-- Generated by org.testng.reporters.JUnitReportReporter -->
<testsuite skipped="0" hostname="MUNTASIR-BOCTC10" name="com.ExtentReportsDemo.LoginTestReport" tests="1" failures="0" timestamp="2020-09-05T20:07:58 BDT" time="12.837" errors="0">
  <testcase name="login" time="12.837" classname="com.ExtentReportsDemo.LoginTestReport"/>
  <system-out/>
</testsuite> <!-- com.ExtentReportsDemo.LoginTestReport -->
