<?xml version="1.0" encoding="UTF-8"?>
<!-- Generated by org.testng.reporters.JUnitReportReporter -->
<testsuite skipped="0" hostname="MUNTASIR-BOCTC10" name="com.propertiesTest.LoginPropertiesTest2" tests="1" failures="0" timestamp="2020-09-04T21:37:12 BDT" time="12.952" errors="0">
  <testcase name="login" time="12.952" classname="com.propertiesTest.LoginPropertiesTest2"/>
  <system-out/>
</testsuite> <!-- com.propertiesTest.LoginPropertiesTest2 -->
