<?xml version="1.0" encoding="UTF-8"?>
<!-- Generated by org.testng.reporters.JUnitReportReporter -->
<testsuite skipped="0" hostname="MUNTASIR-BOCTC10" name="com.DataProviderTest.DataProviderTestCase" tests="2" failures="0" timestamp="2020-09-05T20:39:44 BDT" time="65.487" errors="0">
  <testcase name="searchTest" time="30.196" classname="com.DataProviderTest.DataProviderTestCase"/>
  <system-out/>
  <testcase name="searchTest" time="35.291" classname="com.DataProviderTest.DataProviderTestCase"/>
  <system-out/>
</testsuite> <!-- com.DataProviderTest.DataProviderTestCase -->
