<?xml version="1.0" encoding="UTF-8"?>
<!-- Generated by org.testng.reporters.JUnitReportReporter -->
<testsuite skipped="0" hostname="MUNTASIR-BOCTC10" name="com.propertiesTest.LoginPropertiesTest" tests="1" failures="0" timestamp="2020-09-04T21:35:28 BDT" time="14.291" errors="0">
  <testcase name="login" time="14.291" classname="com.propertiesTest.LoginPropertiesTest"/>
  <system-out/>
</testsuite> <!-- com.propertiesTest.LoginPropertiesTest -->
