<?xml version="1.0" encoding="UTF-8"?>
<!-- Generated by org.testng.reporters.JUnitReportReporter -->
<testsuite skipped="0" hostname="MUNTASIR-BOCTC10" name="com.DataProviderTest.LoginTestByDataSet" tests="3" failures="0" timestamp="2020-09-11T19:22:40 BDT" time="47.480" errors="0">
  <testcase name="searchTest" time="13.726" classname="com.DataProviderTest.LoginTestByDataSet"/>
  <system-out/>
  <testcase name="searchTest" time="15.647" classname="com.DataProviderTest.LoginTestByDataSet"/>
  <system-out/>
  <testcase name="searchTest" time="18.107" classname="com.DataProviderTest.LoginTestByDataSet"/>
  <system-out/>
</testsuite> <!-- com.DataProviderTest.LoginTestByDataSet -->
